SF:lib\domain\entities\breed_entity.dart
DA:39,3
DA:73,2
DA:74,2
DA:75,4
DA:76,0
DA:78,2
DA:79,6
DA:80,6
DA:82,2
LF:9
LH:8
end_of_record
SF:lib\infrastructure\datasource\breeds_api_datasource_imple.dart
DA:9,2
DA:11,2
DA:14,6
DA:15,1
DA:17,4
DA:19,1
DA:20,2
DA:22,2
DA:23,1
DA:25,0
DA:31,2
DA:35,1
DA:38,4
DA:43,1
DA:45,4
DA:47,0
DA:51,1
DA:54,4
DA:58,1
DA:59,4
DA:61,1
DA:62,2
DA:63,2
DA:64,1
DA:70,0
LF:25
LH:22
end_of_record
SF:lib\infrastructure\repository\breeds_repository_imple.dart
DA:8,2
DA:10,2
DA:12,4
DA:15,1
DA:17,2
DA:20,1
DA:22,2
LF:7
LH:7
end_of_record
SF:lib\infrastructure\services\dio_service_imple.dart
DA:10,1
DA:11,3
DA:12,1
DA:19,1
DA:20,1
DA:23,1
DA:25,2
DA:26,5
DA:28,0
DA:32,1
DA:34,4
DA:41,4
DA:42,1
DA:43,2
DA:44,2
DA:45,2
DA:46,1
DA:51,0
DA:52,0
DA:53,0
DA:56,0
DA:61,1
DA:62,1
LF:23
LH:18
end_of_record
SF:lib\config\app_enviroment.dart
DA:4,5
LF:1
LH:1
end_of_record
SF:lib\domain\entities\weight.dart
DA:4,3
LF:1
LH:1
end_of_record
SF:lib\infrastructure\models\breed_model.dart
DA:38,3
DA:72,3
DA:73,3
DA:74,3
DA:75,3
DA:76,3
DA:77,3
DA:78,3
DA:79,6
DA:80,3
DA:81,3
DA:82,3
DA:83,3
DA:84,3
DA:85,3
DA:86,3
DA:87,3
DA:88,3
DA:89,3
DA:90,3
DA:91,3
DA:92,3
DA:93,3
DA:94,3
DA:95,3
DA:96,3
DA:97,3
DA:98,3
DA:99,3
DA:100,3
DA:101,3
DA:102,3
DA:103,3
DA:107,6
DA:108,3
DA:109,3
DA:110,6
DA:111,3
DA:112,3
DA:113,3
DA:115,3
DA:116,3
DA:117,3
DA:118,3
DA:119,3
DA:120,3
DA:121,3
DA:122,3
DA:123,3
DA:124,3
DA:125,3
DA:126,3
DA:127,3
DA:128,3
DA:129,3
DA:130,3
DA:131,3
DA:132,3
DA:133,3
DA:134,3
DA:135,3
DA:136,3
DA:137,3
DA:138,3
LF:64
LH:64
end_of_record
SF:lib\infrastructure\models\wight_model.dart
DA:7,3
DA:9,6
DA:10,3
DA:11,3
DA:14,3
DA:15,3
DA:16,3
DA:17,3
LF:8
LH:8
end_of_record
SF:lib\presentation\pages\home_breeds\breeds_home_page.dart
DA:11,1
DA:13,1
DA:15,2
DA:16,1
DA:17,1
DA:18,1
DA:19,1
DA:20,2
DA:21,0
DA:23,2
DA:24,1
DA:25,1
DA:26,1
DA:27,1
LF:14
LH:13
end_of_record
SF:lib\presentation\widgets\card_breed.dart
DA:12,1
DA:17,1
DA:20,4
DA:21,4
DA:22,2
DA:24,1
DA:27,2
DA:28,1
DA:34,1
DA:35,1
DA:36,1
DA:38,1
DA:39,1
DA:40,2
DA:41,3
DA:45,1
DA:46,0
DA:47,0
DA:48,0
DA:50,1
DA:51,1
DA:56,1
DA:57,2
DA:61,1
DA:62,1
DA:64,1
DA:65,1
DA:66,1
DA:67,1
DA:68,2
DA:69,3
DA:75,1
DA:76,1
DA:77,1
DA:79,3
DA:82,1
DA:83,1
DA:85,2
DA:86,1
DA:88,5
LF:40
LH:37
end_of_record
SF:lib\presentation\widgets\cat_loader.dart
DA:6,2
DA:11,1
DA:13,1
DA:14,1
DA:16,1
DA:17,1
LF:6
LH:6
end_of_record
SF:lib\presentation\providers\breeds_provider.dart
DA:8,3
DA:9,0
DA:10,0
DA:17,2
DA:18,1
DA:21,1
DA:23,2
DA:24,0
DA:27,2
DA:30,2
DA:31,0
DA:32,0
DA:34,2
DA:38,0
DA:40,0
DA:43,0
DA:44,0
DA:46,0
DA:49,0
DA:51,0
DA:54,0
DA:55,0
DA:56,0
LF:23
LH:8
end_of_record
SF:lib\presentation\widgets\error_screen.dart
DA:7,1
DA:13,1
DA:15,1
DA:16,1
DA:18,1
DA:20,1
DA:23,1
DA:24,1
DA:29,1
DA:30,1
LF:10
LH:10
end_of_record
SF:lib\config\router\app_routes.dart
DA:7,0
DA:9,0
DA:10,0
LF:3
LH:0
end_of_record
SF:lib\presentation\widgets\search_bar.dart
DA:7,1
DA:9,1
DA:10,1
DA:12,1
DA:20,0
DA:21,0
DA:22,0
DA:24,0
DA:28,1
DA:30,1
DA:31,1
DA:32,0
DA:33,0
DA:35,0
DA:43,1
DA:44,1
DA:45,2
DA:46,0
DA:47,0
DA:48,0
DA:49,0
DA:50,0
DA:52,0
LF:23
LH:10
end_of_record
SF:lib\presentation\providers\select_provider.dart
DA:4,3
LF:1
LH:1
end_of_record
SF:lib\presentation\widgets\cat_image.dart
DA:8,2
DA:11,2
DA:13,2
DA:17,2
DA:18,2
DA:19,2
DA:20,2
DA:22,4
DA:23,2
DA:24,2
DA:25,2
DA:26,2
DA:33,2
DA:35,0
LF:14
LH:13
end_of_record
SF:lib\presentation\pages\detail_breed\breed_detail_screen.dart
DA:10,1
DA:12,1
DA:15,2
DA:16,1
DA:17,1
DA:18,2
DA:20,1
DA:21,1
DA:22,2
DA:24,1
DA:25,1
DA:27,1
DA:28,1
DA:29,1
DA:31,1
DA:32,6
DA:34,6
DA:36,7
DA:38,1
DA:39,3
DA:40,2
DA:43,1
DA:44,1
DA:46,1
DA:48,1
DA:49,1
DA:51,3
DA:52,2
DA:53,2
DA:54,2
DA:55,2
DA:56,2
DA:57,2
DA:58,2
DA:59,2
DA:60,2
DA:61,2
DA:62,2
DA:68,4
DA:70,1
DA:71,1
DA:72,0
DA:73,2
DA:75,1
DA:76,1
DA:77,0
DA:78,2
DA:80,1
DA:81,1
DA:82,0
DA:83,2
DA:85,1
DA:86,1
DA:87,0
DA:88,2
LF:55
LH:51
end_of_record
SF:lib\presentation\widgets\brees_carrusel\breeds_carrusel.dart
DA:8,1
DA:11,1
DA:12,1
DA:20,1
DA:22,4
DA:23,1
DA:24,1
DA:25,3
DA:26,1
DA:28,1
DA:29,1
DA:30,3
DA:31,0
DA:32,0
DA:33,0
DA:36,1
DA:37,4
DA:40,1
DA:42,4
LF:19
LH:16
end_of_record
SF:lib\config\utils.dart
DA:5,0
DA:6,0
DA:8,0
DA:11,0
LF:4
LH:0
end_of_record
SF:lib\presentation\widgets\cat_rating.dart
DA:6,1
DA:9,1
DA:11,2
DA:12,3
DA:13,1
DA:14,1
DA:15,1
DA:16,1
DA:18,1
DA:19,1
DA:20,3
DA:24,1
DA:25,1
DA:27,2
DA:28,1
DA:30,4
LF:16
LH:16
end_of_record
SF:lib\presentation\widgets\brees_carrusel\carousel_image.dart
DA:9,1
DA:11,1
DA:13,1
DA:15,1
DA:16,1
DA:17,4
DA:18,1
DA:19,1
DA:20,1
DA:21,1
DA:28,4
LF:11
LH:11
end_of_record
SF:lib\presentation\widgets\brees_carrusel\circular_indicator_corousel.dart
DA:7,1
DA:9,1
DA:11,2
DA:12,1
DA:14,4
DA:15,1
DA:16,1
DA:17,2
DA:18,2
DA:19,1
DA:21,4
LF:11
LH:11
end_of_record
