SF:lib\domain\entities\breed_entity.dart
DA:39,3
DA:73,0
DA:74,0
DA:75,0
DA:76,0
DA:78,0
DA:79,0
DA:80,0
DA:82,0
LF:9
LH:1
end_of_record
SF:lib\infrastructure\datasource\breeds_api_datasource_imple.dart
DA:9,1
DA:11,1
DA:14,3
DA:15,1
DA:17,4
DA:19,1
DA:20,2
DA:22,2
DA:23,1
DA:25,0
DA:31,2
DA:35,1
DA:38,4
DA:43,1
DA:45,4
DA:47,0
DA:51,1
DA:54,4
DA:58,1
DA:59,4
DA:61,1
DA:62,2
DA:63,2
DA:64,1
DA:70,2
LF:25
LH:23
end_of_record
SF:lib\domain\entities\weight.dart
DA:4,3
LF:1
LH:1
end_of_record
SF:lib\infrastructure\models\breed_model.dart
DA:38,1
DA:72,1
DA:73,1
DA:74,1
DA:75,1
DA:76,1
DA:77,1
DA:78,1
DA:79,2
DA:80,1
DA:81,1
DA:82,1
DA:83,1
DA:84,1
DA:85,1
DA:86,1
DA:87,1
DA:88,1
DA:89,1
DA:90,1
DA:91,1
DA:92,1
DA:93,1
DA:94,1
DA:95,1
DA:96,1
DA:97,1
DA:98,1
DA:99,1
DA:100,1
DA:101,1
DA:102,1
DA:103,1
DA:107,2
DA:108,1
DA:109,1
DA:110,2
DA:111,1
DA:112,1
DA:113,1
DA:115,1
DA:116,1
DA:117,1
DA:118,1
DA:119,1
DA:120,1
DA:121,1
DA:122,1
DA:123,1
DA:124,1
DA:125,1
DA:126,1
DA:127,1
DA:128,1
DA:129,1
DA:130,1
DA:131,1
DA:132,1
DA:133,1
DA:134,1
DA:135,1
DA:136,1
DA:137,1
DA:138,1
LF:64
LH:64
end_of_record
SF:lib\infrastructure\models\wight_model.dart
DA:7,1
DA:9,2
DA:10,1
DA:11,1
DA:14,1
DA:15,1
DA:16,1
DA:17,1
LF:8
LH:8
end_of_record
SF:lib\infrastructure\repository\breeds_repository_imple.dart
DA:8,1
DA:10,1
DA:12,2
DA:15,1
DA:17,2
DA:20,1
DA:22,2
LF:7
LH:7
end_of_record
SF:lib\presentation\providers\breeds_provider.dart
DA:8,3
DA:9,0
DA:10,0
DA:17,2
DA:21,1
DA:23,2
DA:24,0
DA:27,2
DA:30,2
DA:31,1
DA:32,2
DA:34,2
DA:38,1
DA:40,1
DA:43,2
DA:44,2
DA:46,8
DA:49,2
DA:51,2
DA:54,1
DA:55,1
DA:56,1
LF:22
LH:19
end_of_record
SF:lib\config\app_enviroment.dart
DA:4,0
LF:1
LH:0
end_of_record
SF:lib\infrastructure\services\dio_service_imple.dart
DA:10,0
DA:11,0
DA:12,0
DA:19,0
DA:20,0
DA:23,0
DA:25,0
DA:26,0
DA:28,0
DA:32,0
DA:34,0
DA:41,0
DA:42,0
DA:43,0
DA:44,0
DA:45,0
DA:46,0
DA:51,0
DA:52,0
DA:53,0
DA:56,0
DA:61,0
DA:62,0
LF:23
LH:0
end_of_record
